<?xml version="1.0" encoding="UTF-8"?>
<!-- Generated by org.testng.reporters.JUnitReportReporter -->
<testsuite skipped="0" hostname="DESKTOP-73S007T" name="Parameter.QueryParameter" tests="1" failures="0" timestamp="21 Apr 2022 08:14:38 GMT" time="6.488" errors="0">
  <testcase name="queryParameter" time="6.488" classname="Parameter.QueryParameter"/>
</testsuite> <!-- Parameter.QueryParameter -->
