<?xml version="1.0" encoding="UTF-8"?>
<!-- Generated by org.testng.reporters.JUnitReportReporter -->
<testsuite skipped="0" hostname="DESKTOP-73S007T" name="CRUDoperationWithoutBDD.DeletePerticularProjectTest" tests="1" failures="0" timestamp="20 Apr 2022 06:58:54 GMT" time="2.968" errors="0">
  <testcase name="deleteProject" time="2.968" classname="CRUDoperationWithoutBDD.DeletePerticularProjectTest"/>
</testsuite> <!-- CRUDoperationWithoutBDD.DeletePerticularProjectTest -->
