<?xml version="1.0" encoding="UTF-8"?>
<!-- Generated by org.testng.reporters.JUnitReportReporter -->
<testsuite skipped="0" hostname="DESKTOP-73S007T" name="Authentication.BasicAuth" tests="3" failures="0" timestamp="21 Apr 2022 10:56:21 GMT" time="5.176" errors="0">
  <testcase name="basicPreEmptiveAuth" time="0.356" classname="Authentication.BasicAuth"/>
  <testcase name="basicAuth" time="4.504" classname="Authentication.BasicAuth"/>
  <testcase name="basicDigestiveAuth" time="0.316" classname="Authentication.BasicAuth"/>
</testsuite> <!-- Authentication.BasicAuth -->
