<?xml version="1.0" encoding="UTF-8"?>
<!-- Generated by org.testng.reporters.JUnitReportReporter -->
<testsuite skipped="0" hostname="DESKTOP-73S007T" name="DifferentWaysToPOST.CreateProjectUsingJSONobjectTest" tests="1" failures="0" timestamp="20 Apr 2022 10:03:52 GMT" time="3.658" errors="0">
  <testcase name="createProjectUsingJSONobjectTest" time="3.658" classname="DifferentWaysToPOST.CreateProjectUsingJSONobjectTest"/>
</testsuite> <!-- DifferentWaysToPOST.CreateProjectUsingJSONobjectTest -->
