<?xml version="1.0" encoding="UTF-8"?>
<!-- Generated by org.testng.reporters.JUnitReportReporter -->
<testsuite skipped="0" hostname="DESKTOP-73S007T" name="DifferentWaysToPOST.CreateProjectUsingHashMapTest" tests="1" failures="0" timestamp="20 Apr 2022 10:43:06 GMT" time="5.075" errors="0">
  <testcase name="createProject" time="5.075" classname="DifferentWaysToPOST.CreateProjectUsingHashMapTest"/>
</testsuite> <!-- DifferentWaysToPOST.CreateProjectUsingHashMapTest -->
