<?xml version="1.0" encoding="UTF-8"?>
<!-- Generated by org.testng.reporters.JUnitReportReporter -->
<testsuite skipped="0" hostname="DESKTOP-73S007T" name="DifferentWaysToPOST.CreateProjectUsingJSONfileTest" tests="1" failures="0" timestamp="20 Apr 2022 10:52:44 GMT" time="4.484" errors="0">
  <testcase name="createProject" time="4.484" classname="DifferentWaysToPOST.CreateProjectUsingJSONfileTest"/>
</testsuite> <!-- DifferentWaysToPOST.CreateProjectUsingJSONfileTest -->
