<?xml version="1.0" encoding="UTF-8"?>
<!-- Generated by org.testng.reporters.JUnitReportReporter -->
<testsuite skipped="0" hostname="DESKTOP-73S007T" name="ResponseValidation.StaticResponseValidationGetTest" tests="1" failures="0" timestamp="21 Apr 2022 06:09:11 GMT" time="6.508" errors="0">
  <testcase name="staticResonse" time="6.508" classname="ResponseValidation.StaticResponseValidationGetTest"/>
</testsuite> <!-- ResponseValidation.StaticResponseValidationGetTest -->
