<?xml version="1.0" encoding="UTF-8"?>
<!-- Generated by org.testng.reporters.JUnitReportReporter -->
<testsuite skipped="0" hostname="DESKTOP-73S007T" name="ResponseValidation.StaticResponseValidation" tests="1" failures="0" timestamp="21 Apr 2022 06:03:28 GMT" time="7.482" errors="0">
  <testcase name="staticResonse" time="7.482" classname="ResponseValidation.StaticResponseValidation"/>
</testsuite> <!-- ResponseValidation.StaticResponseValidation -->
