<?xml version="1.0" encoding="UTF-8"?>
<!-- Generated by org.testng.reporters.JUnitReportReporter -->
<testsuite skipped="0" hostname="DESKTOP-73S007T" name="Parameter.PathParameter" tests="1" failures="0" timestamp="21 Apr 2022 08:06:07 GMT" time="11.188" errors="0">
  <testcase name="pathParameter" time="11.188" classname="Parameter.PathParameter"/>
</testsuite> <!-- Parameter.PathParameter -->
