<?xml version="1.0" encoding="UTF-8"?>
<!-- Generated by org.testng.reporters.JUnitReportReporter -->
<testsuite skipped="0" hostname="DESKTOP-73S007T" name="Parameter.FormParameter" tests="1" failures="0" timestamp="21 Apr 2022 08:19:43 GMT" time="10.925" errors="0">
  <testcase name="formarameter" time="10.925" classname="Parameter.FormParameter"/>
</testsuite> <!-- Parameter.FormParameter -->
