<?xml version="1.0" encoding="UTF-8"?>
<!-- Generated by org.testng.reporters.JUnitReportReporter -->
<testsuite skipped="0" hostname="DESKTOP-73S007T" name="Authentication.OauthPractice" tests="1" failures="0" timestamp="21 Apr 2022 12:25:22 GMT" time="11.774" errors="0">
  <testcase name="oauth2" time="11.774" classname="Authentication.OauthPractice"/>
</testsuite> <!-- Authentication.OauthPractice -->
