<?xml version="1.0" encoding="UTF-8"?>
<!-- Generated by org.testng.reporters.JUnitReportReporter -->
<testsuite skipped="0" hostname="DESKTOP-73S007T" name="CRUDoperationWithoutBDD.GetProjectsTest" tests="1" failures="0" timestamp="20 Apr 2022 06:53:00 GMT" time="3.136" errors="0">
  <testcase name="getAllroject" time="3.136" classname="CRUDoperationWithoutBDD.GetProjectsTest"/>
</testsuite> <!-- CRUDoperationWithoutBDD.GetProjectsTest -->
