<?xml version="1.0" encoding="UTF-8"?>
<!-- Generated by org.testng.reporters.JUnitReportReporter -->
<testsuite skipped="0" hostname="DESKTOP-73S007T" name="RmgYantraTestWithFrameWork.CreateProjectAndVerifyIndatabase" tests="1" failures="0" timestamp="22 Apr 2022 08:01:09 GMT" time="13.140" errors="0">
  <testcase name="createProjectAndVerifyInDatabase" time="13.140" classname="RmgYantraTestWithFrameWork.CreateProjectAndVerifyIndatabase"/>
</testsuite> <!-- RmgYantraTestWithFrameWork.CreateProjectAndVerifyIndatabase -->
