<?xml version="1.0" encoding="UTF-8"?>
<!-- Generated by org.testng.reporters.JUnitReportReporter -->
<testsuite skipped="0" hostname="DESKTOP-73S007T" name="DataDrivenTesting.CreateMultipliProjectWithDiffDataTest" tests="2" failures="0" timestamp="21 Apr 2022 07:44:17 GMT" time="9.683" errors="0">
  <testcase name="createProject" time="9.531" classname="DataDrivenTesting.CreateMultipliProjectWithDiffDataTest"/>
  <testcase name="createProject" time="0.152" classname="DataDrivenTesting.CreateMultipliProjectWithDiffDataTest"/>
</testsuite> <!-- DataDrivenTesting.CreateMultipliProjectWithDiffDataTest -->
