<?xml version="1.0" encoding="UTF-8"?>
<!-- Generated by org.testng.reporters.JUnitReportReporter -->
<testsuite skipped="0" hostname="DESKTOP-73S007T" name="CRUDoperationWithBDD.GetAllProjectsTest" tests="1" failures="0" timestamp="21 Apr 2022 06:08:06 GMT" time="3.998" errors="0">
  <testcase name="getProjects" time="3.998" classname="CRUDoperationWithBDD.GetAllProjectsTest"/>
</testsuite> <!-- CRUDoperationWithBDD.GetAllProjectsTest -->
