<?xml version="1.0" encoding="UTF-8"?>
<!-- Generated by org.testng.reporters.JUnitReportReporter -->
<testsuite skipped="0" hostname="DESKTOP-73S007T" name="RequestChaining.CreateProjectAndGetrojectTest" tests="1" failures="0" timestamp="21 Apr 2022 10:19:11 GMT" time="14.973" errors="0">
  <testcase name="createProjectAndGetroject" time="14.973" classname="RequestChaining.CreateProjectAndGetrojectTest"/>
</testsuite> <!-- RequestChaining.CreateProjectAndGetrojectTest -->
