<?xml version="1.0" encoding="UTF-8"?>
<!-- Generated by org.testng.reporters.JUnitReportReporter -->
<testsuite skipped="0" hostname="DESKTOP-73S007T" name="CRUDoperationWithBDD.GetPerticularProjectTest" tests="1" failures="0" timestamp="20 Apr 2022 08:35:50 GMT" time="3.359" errors="0">
  <testcase name="getPerticularProject" time="3.359" classname="CRUDoperationWithBDD.GetPerticularProjectTest"/>
</testsuite> <!-- CRUDoperationWithBDD.GetPerticularProjectTest -->
