<?xml version="1.0" encoding="UTF-8"?>
<!-- Generated by org.testng.reporters.JUnitReportReporter -->
<testsuite skipped="0" hostname="DESKTOP-73S007T" name="RequestChaining.CreateProjectAndDeleterojectTest" tests="1" failures="0" timestamp="21 Apr 2022 10:30:15 GMT" time="12.804" errors="0">
  <testcase name="createProjectAndGetroject" time="12.804" classname="RequestChaining.CreateProjectAndDeleterojectTest"/>
</testsuite> <!-- RequestChaining.CreateProjectAndDeleterojectTest -->
