<?xml version="1.0" encoding="UTF-8"?>
<!-- Generated by org.testng.reporters.JUnitReportReporter -->
<testsuite skipped="0" hostname="DESKTOP-73S007T" name="CRUDoperationWithBDD.CreateProjectTest" tests="1" failures="0" timestamp="20 Apr 2022 09:51:53 GMT" time="3.405" errors="0">
  <testcase name="createProject" time="3.405" classname="CRUDoperationWithBDD.CreateProjectTest"/>
</testsuite> <!-- CRUDoperationWithBDD.CreateProjectTest -->
