<?xml version="1.0" encoding="UTF-8"?>
<!-- Generated by org.testng.reporters.JUnitReportReporter -->
<testsuite skipped="0" hostname="DESKTOP-73S007T" name="ResponseValidation.DynamicResponseValidationTest" tests="1" failures="0" timestamp="21 Apr 2022 06:14:47 GMT" time="4.311" errors="0">
  <testcase name="staticResonse" time="4.311" classname="ResponseValidation.DynamicResponseValidationTest"/>
</testsuite> <!-- ResponseValidation.DynamicResponseValidationTest -->
