<?xml version="1.0" encoding="UTF-8"?>
<!-- Generated by org.testng.reporters.JUnitReportReporter -->
<testsuite skipped="0" hostname="DESKTOP-73S007T" name="Authentication.BearerToken" tests="1" failures="0" timestamp="21 Apr 2022 10:56:01 GMT" time="8.579" errors="0">
  <testcase name="bearerToken" time="8.579" classname="Authentication.BearerToken"/>
</testsuite> <!-- Authentication.BearerToken -->
